<?xml version="1.0" encoding="UTF-8"?>
<testsuite name="MainTest" tests="2" skipped="0" failures="1" errors="0" timestamp="2025-01-09T08:47:31" hostname="Q5W44P7DF7" time="2246.043">
  <properties/>
  <testcase name="test main function with another input()" classname="MainTest" time="2246.041">
    <failure message="org.opentest4j.AssertionFailedError: expected: &lt;What's your name ?&#10;Hello, Alice!&#10;&gt; but was: &lt;What's your name?&#10;Hello, Alice!&#10;What's your name?&#10;What's your name?&#10;What's your name?&#10;&gt;" type="org.opentest4j.AssertionFailedError">org.opentest4j.AssertionFailedError: expected: &lt;What's your name ?
Hello, Alice!
&gt; but was: &lt;What's your name?
Hello, Alice!
What's your name?
What's your name?
What's your name?
&gt;
	at org.junit.jupiter.api.AssertionFailureBuilder.build(AssertionFailureBuilder.java:151)
	at org.junit.jupiter.api.AssertionFailureBuilder.buildAndThrow(AssertionFailureBuilder.java:132)
	at org.junit.jupiter.api.AssertEquals.failNotEqual(AssertEquals.java:197)
	at org.junit.jupiter.api.AssertEquals.assertEquals(AssertEquals.java:182)
	at org.junit.jupiter.api.AssertEquals.assertEquals(AssertEquals.java:177)
	at org.junit.jupiter.api.Assertions.assertEquals(Assertions.java:1145)
	at MainTest.test main function with another input(MainTest.kt:45)
	at java.lang.reflect.Method.invoke(Method.java:498)
	at java.util.ArrayList.forEach(ArrayList.java:1259)
	at java.util.ArrayList.forEach(ArrayList.java:1259)
</failure>
  </testcase>
  <testcase name="test main function with valid input()" classname="MainTest" time="0.001"/>
  <system-out><![CDATA[]]></system-out>
  <system-err><![CDATA[]]></system-err>
</testsuite>
